  [1m[36m (1.1ms)[0m  [1mCREATE TABLE "schema_migrations" ("version" varchar(255) NOT NULL) [0m
  [1m[35m (0.8ms)[0m  CREATE UNIQUE INDEX "unique_schema_migrations" ON "schema_migrations" ("version")
  [1m[36mActiveRecord::SchemaMigration Load (0.1ms)[0m  [1mSELECT "schema_migrations".* FROM "schema_migrations"[0m
Migrating to DeviseCreateUsers (20131019205313)
  [1m[35m (0.0ms)[0m  begin transaction
  [1m[36m (0.3ms)[0m  [1mCREATE TABLE "users" ("id" INTEGER PRIMARY KEY AUTOINCREMENT NOT NULL, "email" varchar(255) DEFAULT '' NOT NULL, "encrypted_password" varchar(255) DEFAULT '' NOT NULL, "reset_password_token" varchar(255), "reset_password_sent_at" datetime, "sign_in_count" integer DEFAULT 0 NOT NULL, "current_sign_in_at" datetime, "last_sign_in_at" datetime, "current_sign_in_ip" varchar(255), "last_sign_in_ip" varchar(255), "created_at" datetime, "updated_at" datetime) [0m
  [1m[35m (0.3ms)[0m  CREATE UNIQUE INDEX "index_users_on_email" ON "users" ("email")
  [1m[36m (0.1ms)[0m  [1mCREATE UNIQUE INDEX "index_users_on_reset_password_token" ON "users" ("reset_password_token")[0m
  [1m[35mSQL (0.1ms)[0m  INSERT INTO "schema_migrations" ("version") VALUES (?)  [["version", "20131019205313"]]
  [1m[36m (0.8ms)[0m  [1mcommit transaction[0m
  [1m[35mActiveRecord::SchemaMigration Load (0.1ms)[0m  SELECT "schema_migrations".* FROM "schema_migrations"


Started GET "/" for 127.0.0.1 at 2013-10-19 17:00:17 -0400
  [1m[36mActiveRecord::SchemaMigration Load (0.1ms)[0m  [1mSELECT "schema_migrations".* FROM "schema_migrations"[0m
Processing by KeychainsController#index as HTML
  Rendered keychains/index.html.haml within layouts/application (1.3ms)
Completed 200 OK in 384ms (Views: 370.3ms | ActiveRecord: 0.0ms)


Started GET "/assets/application.css?body=1" for 127.0.0.1 at 2013-10-19 17:00:18 -0400


Started GET "/assets/jquery_ujs.js?body=1" for 127.0.0.1 at 2013-10-19 17:00:18 -0400


Started GET "/assets/keychains.js?body=1" for 127.0.0.1 at 2013-10-19 17:00:18 -0400


Started GET "/assets/keychains.css?body=1" for 127.0.0.1 at 2013-10-19 17:00:18 -0400


Started GET "/assets/turbolinks.js?body=1" for 127.0.0.1 at 2013-10-19 17:00:18 -0400


Started GET "/assets/jquery.js?body=1" for 127.0.0.1 at 2013-10-19 17:00:18 -0400


Started GET "/assets/application.js?body=1" for 127.0.0.1 at 2013-10-19 17:00:18 -0400


Started GET "/" for 127.0.0.1 at 2013-10-19 17:01:21 -0400
Processing by KeychainsController#index as HTML
Completed 401 Unauthorized in 4ms


Started GET "/users/sign_in" for 127.0.0.1 at 2013-10-19 17:01:21 -0400
Processing by Devise::SessionsController#new as HTML
  Rendered /Users/amorales/.rvm/gems/ruby-2.0.0-p247/gems/devise-3.1.1/app/views/devise/shared/_links.erb (1.0ms)
  Rendered /Users/amorales/.rvm/gems/ruby-2.0.0-p247/gems/devise-3.1.1/app/views/devise/sessions/new.html.erb within layouts/application (43.5ms)
Completed 200 OK in 70ms (Views: 47.6ms | ActiveRecord: 0.4ms)
  [1m[36m (2.9ms)[0m  [1mCREATE TABLE "users" ("id" INTEGER PRIMARY KEY AUTOINCREMENT NOT NULL, "email" varchar(255) DEFAULT '' NOT NULL, "encrypted_password" varchar(255) DEFAULT '' NOT NULL, "reset_password_token" varchar(255), "reset_password_sent_at" datetime, "sign_in_count" integer DEFAULT 0 NOT NULL, "current_sign_in_at" datetime, "last_sign_in_at" datetime, "current_sign_in_ip" varchar(255), "last_sign_in_ip" varchar(255), "created_at" datetime, "updated_at" datetime) [0m
  [1m[35m (0.9ms)[0m  CREATE UNIQUE INDEX "index_users_on_email" ON "users" ("email")
  [1m[36m (0.8ms)[0m  [1mCREATE UNIQUE INDEX "index_users_on_reset_password_token" ON "users" ("reset_password_token")[0m
  [1m[35m (0.9ms)[0m  CREATE TABLE "schema_migrations" ("version" varchar(255) NOT NULL) 
  [1m[36m (0.8ms)[0m  [1mCREATE UNIQUE INDEX "unique_schema_migrations" ON "schema_migrations" ("version")[0m
  [1m[35m (0.1ms)[0m  SELECT version FROM "schema_migrations"
  [1m[36m (0.6ms)[0m  [1mINSERT INTO "schema_migrations" (version) VALUES ('20131019205313')[0m


Started GET "/" for 127.0.0.1 at 2013-10-19 17:05:57 -0400
Processing by KeychainsController#index as HTML
Completed 401 Unauthorized in 1ms


Started GET "/users/sign_in" for 127.0.0.1 at 2013-10-19 17:05:57 -0400
Processing by Devise::SessionsController#new as HTML
  Rendered /Users/amorales/.rvm/gems/ruby-2.0.0-p247/gems/devise-3.1.1/app/views/devise/shared/_links.erb (0.2ms)
  Rendered /Users/amorales/.rvm/gems/ruby-2.0.0-p247/gems/devise-3.1.1/app/views/devise/sessions/new.html.erb within layouts/application (2.3ms)
Completed 200 OK in 7ms (Views: 6.0ms | ActiveRecord: 0.0ms)


Started GET "/assets/application.css?body=1" for 127.0.0.1 at 2013-10-19 17:05:57 -0400


Started GET "/assets/application.js?body=1" for 127.0.0.1 at 2013-10-19 17:05:57 -0400


Started GET "/assets/keychains.css?body=1" for 127.0.0.1 at 2013-10-19 17:05:57 -0400


Started GET "/assets/keychains.js?body=1" for 127.0.0.1 at 2013-10-19 17:05:58 -0400
